2025-07-10T18:02:21.885Z [INFO]:::1 - - [10/Jul/2025:18:02:21 +0000] "GET /api/products HTTP/1.1" 304 - "http://localhost:3000/" "Mozilla/5.0 (Windows NT 10.0; Win64; x64) AppleWebKit/537.36 (KHTML, like Gecko) Chrome/137.0.0.0 Safari/537.36" 
2025-07-10T18:02:21.935Z [INFO]:API Request 
2025-07-10T18:07:14.547Z [INFO]:::1 - - [10/Jul/2025:18:07:14 +0000] "GET /api/product/3 HTTP/1.1" 200 391 "-" "PostmanRuntime/7.44.1" 
2025-07-10T18:07:14.552Z [INFO]:API Request 
2025-07-10T18:07:21.802Z [INFO]:::1 - - [10/Jul/2025:18:07:21 +0000] "GET /api/products HTTP/1.1" 200 1026 "-" "PostmanRuntime/7.44.1" 
2025-07-10T18:07:21.812Z [INFO]:API Request 
2025-07-10T18:07:29.805Z [INFO]:::1 - - [10/Jul/2025:18:07:29 +0000] "GET /api/category HTTP/1.1" 500 1794 "-" "PostmanRuntime/7.44.1" 
2025-07-10T18:07:29.806Z [INFO]:API Request 
2025-07-10T18:07:41.110Z [INFO]:::1 - - [10/Jul/2025:18:07:41 +0000] "GET /api/categories HTTP/1.1" 404 153 "-" "PostmanRuntime/7.44.1" 
2025-07-10T18:07:41.110Z [INFO]:API Request 
2025-07-10T18:08:14.774Z [INFO]:::1 - - [10/Jul/2025:18:08:14 +0000] "GET /api/category/getAllCategory HTTP/1.1" 500 1776 "-" "PostmanRuntime/7.44.1" 
2025-07-10T18:08:14.775Z [INFO]:API Request 
2025-07-10T18:10:32.318Z [INFO]:::1 - - [10/Jul/2025:18:10:32 +0000] "GET /api/category/getCategories HTTP/1.1" 500 1776 "-" "PostmanRuntime/7.44.1" 
2025-07-10T18:10:32.320Z [INFO]:API Request 
2025-07-10T18:11:06.147Z [INFO]:::1 - - [10/Jul/2025:18:11:06 +0000] "GET /api/category HTTP/1.1" 500 1794 "-" "PostmanRuntime/7.44.1" 
2025-07-10T18:11:06.148Z [INFO]:API Request 
2025-07-10T18:11:26.319Z [INFO]:::1 - - [10/Jul/2025:18:11:26 +0000] "GET /api/category HTTP/1.1" 500 1794 "-" "PostmanRuntime/7.44.1" 
2025-07-10T18:11:26.321Z [INFO]:API Request 
2025-07-10T18:13:24.724Z [INFO]:::1 - - [10/Jul/2025:18:13:24 +0000] "GET /api/product/3 HTTP/1.1" 200 391 "-" "PostmanRuntime/7.44.1" 
2025-07-10T18:13:24.728Z [INFO]:API Request 
2025-07-10T18:15:42.956Z [INFO]:::1 - - [10/Jul/2025:18:15:42 +0000] "GET /api/product/3 HTTP/1.1" 200 391 "-" "PostmanRuntime/7.44.1" 
2025-07-10T18:15:42.958Z [INFO]:API Request 
2025-07-10T18:15:51.174Z [INFO]:::1 - - [10/Jul/2025:18:15:51 +0000] "GET /api/products HTTP/1.1" 200 1026 "-" "PostmanRuntime/7.44.1" 
2025-07-10T18:15:51.175Z [INFO]:API Request 
2025-07-10T18:16:03.637Z [INFO]:::1 - - [10/Jul/2025:18:16:03 +0000] "GET /api/products HTTP/1.1" 200 1026 "-" "PostmanRuntime/7.44.1" 
2025-07-10T18:16:03.638Z [INFO]:API Request 
2025-07-10T18:16:18.500Z [INFO]:::1 - - [10/Jul/2025:18:16:18 +0000] "POST /api/user/updatePassword/0b0fe23b3bbd4a850e73e0bc09fa3d12c374a2727f897e2643d2d63ac8e36e77 HTTP/1.1" 200 55 "-" "PostmanRuntime/7.44.1" 
2025-07-10T18:16:18.501Z [INFO]:API Request 
2025-07-10T18:16:40.716Z [INFO]:::1 - - [10/Jul/2025:18:16:40 +0000] "GET /api/category HTTP/1.1" 500 1794 "-" "PostmanRuntime/7.44.1" 
2025-07-10T18:16:40.717Z [INFO]:API Request 
2025-07-10T18:26:08.165Z [INFO]:::1 - - [10/Jul/2025:18:26:08 +0000] "GET /api/colors HTTP/1.1" 500 1794 "-" "PostmanRuntime/7.44.1" 
2025-07-10T18:26:08.169Z [INFO]:API Request 
