2025-06-23T19:18:16.693Z [INFO]:::1 - - [23/Jun/2025:19:18:16 +0000] "POST /api/user/forgotPassword HTTP/1.1" 200 52 "-" "PostmanRuntime/7.43.4" 
2025-06-23T19:18:16.700Z [INFO]:API Request 
2025-06-23T19:19:39.905Z [INFO]:::1 - - [23/Jun/2025:19:19:39 +0000] "POST /api/user/forgotPassword HTTP/1.1" 200 52 "-" "PostmanRuntime/7.43.4" 
2025-06-23T19:19:39.911Z [INFO]:API Request 
2025-06-23T19:21:45.446Z [INFO]:::1 - - [23/Jun/2025:19:21:45 +0000] "POST /api/user/forgotPassword HTTP/1.1" 200 52 "-" "PostmanRuntime/7.43.4" 
2025-06-23T19:21:45.453Z [INFO]:API Request 
2025-06-23T19:24:34.673Z [INFO]:::1 - - [23/Jun/2025:19:24:34 +0000] "POST /api/user/forgotPassword HTTP/1.1" 200 52 "-" "PostmanRuntime/7.43.4" 
2025-06-23T19:24:34.679Z [INFO]:API Request 
2025-06-23T19:28:28.469Z [INFO]:::1 - - [23/Jun/2025:19:28:28 +0000] "POST /api/user/forgotPassword HTTP/1.1" 200 52 "-" "PostmanRuntime/7.43.4" 
2025-06-23T19:28:28.473Z [INFO]:API Request 
2025-06-24T18:05:54.856Z [INFO]:::1 - - [24/Jun/2025:18:05:54 +0000] "POST /api/user/forgotPassword HTTP/1.1" 200 52 "-" "PostmanRuntime/7.43.4" 
2025-06-24T18:05:54.862Z [INFO]:API Request 
2025-06-24T18:10:17.802Z [INFO]:::1 - - [24/Jun/2025:18:10:17 +0000] "POST /api/user/signup HTTP/1.1" 200 59 "http://localhost:3000/" "Mozilla/5.0 (Windows NT 10.0; Win64; x64) AppleWebKit/537.36 (KHTML, like Gecko) Chrome/137.0.0.0 Safari/537.36" 
2025-06-24T18:10:17.804Z [INFO]:API Request 
2025-06-24T18:10:34.178Z [INFO]:::1 - - [24/Jun/2025:18:10:34 +0000] "POST /api/user/login HTTP/1.1" 200 304 "http://localhost:3000/" "Mozilla/5.0 (Windows NT 10.0; Win64; x64) AppleWebKit/537.36 (KHTML, like Gecko) Chrome/137.0.0.0 Safari/537.36" 
2025-06-24T18:10:34.180Z [INFO]:API Request 
2025-06-24T18:10:34.280Z [INFO]:::1 - - [24/Jun/2025:18:10:34 +0000] "GET /api/products HTTP/1.1" 200 750 "http://localhost:3000/" "Mozilla/5.0 (Windows NT 10.0; Win64; x64) AppleWebKit/537.36 (KHTML, like Gecko) Chrome/137.0.0.0 Safari/537.36" 
2025-06-24T18:10:34.287Z [INFO]:API Request 
2025-06-24T18:12:13.604Z [INFO]:::1 - - [24/Jun/2025:18:12:13 +0000] "POST /api/user/forgotPassword HTTP/1.1" 200 52 "-" "PostmanRuntime/7.43.4" 
2025-06-24T18:12:13.608Z [INFO]:API Request 
