2025-02-25T18:30:36.715Z [INFO]:::1 - - [25/Feb/2025:18:30:36 +0000] "POST /api/user/login HTTP/1.1" 500 45 "-" "PostmanRuntime/7.43.0" 
2025-02-25T18:30:36.719Z [INFO]:API Request 
2025-02-25T18:30:58.950Z [INFO]:::1 - - [25/Feb/2025:18:30:58 +0000] "POST /api/user/login HTTP/1.1" 500 45 "-" "PostmanRuntime/7.43.0" 
2025-02-25T18:30:58.953Z [INFO]:API Request 
2025-02-25T18:35:32.990Z [INFO]:::1 - - [25/Feb/2025:18:35:32 +0000] "POST /api/user/login HTTP/1.1" 500 45 "-" "PostmanRuntime/7.43.0" 
2025-02-25T18:35:32.993Z [INFO]:API Request 
2025-02-25T18:36:55.503Z [INFO]:::1 - - [25/Feb/2025:18:36:55 +0000] "POST /api/user/signup HTTP/1.1" 500 45 "-" "PostmanRuntime/7.43.0" 
2025-02-25T18:36:55.505Z [INFO]:API Request 
2025-02-25T18:37:47.367Z [INFO]:::1 - - [25/Feb/2025:18:37:47 +0000] "POST /api/user/signup HTTP/1.1" 500 45 "-" "PostmanRuntime/7.43.0" 
2025-02-25T18:37:47.370Z [INFO]:API Request 
2025-02-25T18:42:41.870Z [INFO]:::1 - - [25/Feb/2025:18:42:41 +0000] "POST /api/user/signup HTTP/1.1" 500 45 "-" "PostmanRuntime/7.43.0" 
2025-02-25T18:42:41.873Z [INFO]:API Request 
2025-02-25T18:43:26.741Z [INFO]:::1 - - [25/Feb/2025:18:43:26 +0000] "POST /api/user/signup HTTP/1.1" 500 45 "-" "PostmanRuntime/7.43.0" 
2025-02-25T18:43:26.745Z [INFO]:API Request 
2025-02-25T18:48:52.350Z [INFO]:::1 - - [25/Feb/2025:18:48:52 +0000] "POST /api/user/signup HTTP/1.1" 500 45 "-" "PostmanRuntime/7.43.0" 
2025-02-25T18:48:52.353Z [INFO]:API Request 
2025-02-25T18:50:46.611Z [INFO]:::1 - - [25/Feb/2025:18:50:46 +0000] "POST /api/user/signup HTTP/1.1" 400 51 "-" "PostmanRuntime/7.43.0" 
2025-02-25T18:50:46.615Z [INFO]:API Request 
2025-02-25T18:52:37.312Z [INFO]:::1 - - [25/Feb/2025:18:52:37 +0000] "POST /api/user/signup HTTP/1.1" 500 45 "-" "PostmanRuntime/7.43.0" 
2025-02-25T18:52:37.315Z [INFO]:API Request 
2025-02-25T18:53:32.452Z [INFO]:::1 - - [25/Feb/2025:18:53:32 +0000] "POST /api/user/signup HTTP/1.1" 500 45 "-" "PostmanRuntime/7.43.0" 
2025-02-25T18:53:32.456Z [INFO]:API Request 
2025-02-25T18:54:33.896Z [INFO]:::1 - - [25/Feb/2025:18:54:33 +0000] "POST /api/user/signup HTTP/1.1" 500 45 "-" "PostmanRuntime/7.43.0" 
2025-02-25T18:54:33.897Z [INFO]:API Request 
2025-02-25T18:55:00.624Z [INFO]:::1 - - [25/Feb/2025:18:55:00 +0000] "POST /api/user/signup HTTP/1.1" 400 51 "-" "PostmanRuntime/7.43.0" 
2025-02-25T18:55:00.628Z [INFO]:API Request 
2025-02-25T18:55:40.138Z [INFO]:::1 - - [25/Feb/2025:18:55:40 +0000] "POST /api/user/signup HTTP/1.1" 400 51 "-" "PostmanRuntime/7.43.0" 
2025-02-25T18:55:40.141Z [INFO]:API Request 
2025-02-25T18:58:58.369Z [INFO]:::1 - - [25/Feb/2025:18:58:58 +0000] "POST /api/user/signup HTTP/1.1" 500 45 "-" "PostmanRuntime/7.43.0" 
2025-02-25T18:58:58.379Z [INFO]:API Request 
2025-02-25T19:03:26.738Z [INFO]:::1 - - [25/Feb/2025:19:03:26 +0000] "POST /api/user/signup HTTP/1.1" 500 45 "-" "PostmanRuntime/7.43.0" 
2025-02-25T19:03:26.741Z [INFO]:API Request 
2025-02-25T19:05:06.123Z [INFO]:::1 - - [25/Feb/2025:19:05:06 +0000] "POST /api/user/signup HTTP/1.1" 500 45 "-" "PostmanRuntime/7.43.0" 
2025-02-25T19:05:06.129Z [INFO]:API Request 
2025-02-25T19:05:34.167Z [INFO]:::1 - - [25/Feb/2025:19:05:34 +0000] "POST /api/user/signup HTTP/1.1" 500 45 "-" "PostmanRuntime/7.43.0" 
2025-02-25T19:05:34.171Z [INFO]:API Request 
2025-02-25T19:07:59.181Z [INFO]:::1 - - [25/Feb/2025:19:07:59 +0000] "POST /api/user/signup HTTP/1.1" 500 45 "-" "PostmanRuntime/7.43.0" 
2025-02-25T19:07:59.184Z [INFO]:API Request 
2025-02-25T19:09:43.317Z [INFO]:::1 - - [25/Feb/2025:19:09:43 +0000] "POST /api/user/signup HTTP/1.1" 500 45 "-" "PostmanRuntime/7.43.0" 
2025-02-25T19:09:43.324Z [INFO]:API Request 
2025-02-25T19:15:39.807Z [INFO]:::1 - - [25/Feb/2025:19:15:39 +0000] "POST /api/user/signup HTTP/1.1" 500 45 "-" "PostmanRuntime/7.43.0" 
2025-02-25T19:15:39.811Z [INFO]:API Request 
2025-02-25T19:16:46.551Z [INFO]:::1 - - [25/Feb/2025:19:16:46 +0000] "POST /api/user/signup HTTP/1.1" 500 45 "-" "PostmanRuntime/7.43.0" 
2025-02-25T19:16:46.557Z [INFO]:API Request 
2025-02-25T19:21:14.827Z [INFO]:::1 - - [25/Feb/2025:19:21:14 +0000] "POST /api/user/signup HTTP/1.1" 500 45 "-" "PostmanRuntime/7.43.0" 
2025-02-25T19:21:14.832Z [INFO]:API Request 
2025-02-25T19:23:43.043Z [INFO]:::1 - - [25/Feb/2025:19:23:43 +0000] "POST /api/user/signup HTTP/1.1" 500 45 "-" "PostmanRuntime/7.43.0" 
2025-02-25T19:23:43.053Z [INFO]:API Request 
2025-02-25T19:26:26.913Z [INFO]:::1 - - [25/Feb/2025:19:26:26 +0000] "POST /api/user/signup HTTP/1.1" 500 45 "-" "PostmanRuntime/7.43.0" 
2025-02-25T19:26:26.917Z [INFO]:API Request 
2025-02-25T19:28:15.975Z [INFO]:::1 - - [25/Feb/2025:19:28:15 +0000] "POST /api/user/signup HTTP/1.1" 500 45 "-" "PostmanRuntime/7.43.0" 
2025-02-25T19:28:15.979Z [INFO]:API Request 
2025-02-25T19:29:14.603Z [INFO]:::1 - - [25/Feb/2025:19:29:14 +0000] "POST /api/user/signup HTTP/1.1" 500 45 "-" "PostmanRuntime/7.43.0" 
2025-02-25T19:29:14.607Z [INFO]:API Request 
2025-02-25T19:32:27.979Z [INFO]:::1 - - [25/Feb/2025:19:32:27 +0000] "POST /api/user/signup HTTP/1.1" 500 45 "-" "PostmanRuntime/7.43.0" 
2025-02-25T19:32:27.982Z [INFO]:API Request 
2025-02-25T19:33:12.042Z [INFO]:::1 - - [25/Feb/2025:19:33:12 +0000] "POST /api/user/signup HTTP/1.1" 500 45 "-" "PostmanRuntime/7.43.0" 
2025-02-25T19:33:12.049Z [INFO]:API Request 
2025-02-25T19:36:17.378Z [INFO]:::1 - - [25/Feb/2025:19:36:17 +0000] "POST /api/user/signup HTTP/1.1" 500 45 "-" "PostmanRuntime/7.43.0" 
2025-02-25T19:36:17.386Z [INFO]:API Request 
2025-02-25T19:38:46.511Z [INFO]:::1 - - [25/Feb/2025:19:38:46 +0000] "POST /api/user/signup HTTP/1.1" 500 45 "-" "PostmanRuntime/7.43.0" 
2025-02-25T19:38:46.521Z [INFO]:API Request 
2025-02-25T19:40:08.851Z [INFO]:::1 - - [25/Feb/2025:19:40:08 +0000] "POST /api/user/signup HTTP/1.1" 201 59 "-" "PostmanRuntime/7.43.0" 
2025-02-25T19:40:08.855Z [INFO]:API Request 
2025-02-25T19:43:57.551Z [INFO]:::1 - - [25/Feb/2025:19:43:57 +0000] "POST /api/user/signup HTTP/1.1" 400 51 "-" "PostmanRuntime/7.43.0" 
2025-02-25T19:43:57.559Z [INFO]:API Request 
2025-02-25T19:49:06.531Z [INFO]:::1 - - [25/Feb/2025:19:49:06 +0000] "POST /api/user/login HTTP/1.1" 500 45 "-" "PostmanRuntime/7.43.0" 
2025-02-25T19:49:06.534Z [INFO]:API Request 
2025-02-25T19:51:58.405Z [INFO]:::1 - - [25/Feb/2025:19:51:58 +0000] "POST /api/user/login HTTP/1.1" 500 45 "-" "PostmanRuntime/7.43.0" 
2025-02-25T19:51:58.410Z [INFO]:API Request 
2025-02-25T19:53:11.003Z [INFO]:::1 - - [25/Feb/2025:19:53:11 +0000] "POST /api/user/login HTTP/1.1" 200 216 "-" "PostmanRuntime/7.43.0" 
2025-02-25T19:53:11.006Z [INFO]:API Request 
2025-02-25T19:53:58.492Z [INFO]:::1 - - [25/Feb/2025:19:53:58 +0000] "GET /apiproducts HTTP/1.1" 404 150 "-" "PostmanRuntime/7.43.0" 
2025-02-25T19:53:58.494Z [INFO]:API Request 
2025-02-25T19:54:05.115Z [INFO]:::1 - - [25/Feb/2025:19:54:05 +0000] "GET /api/products HTTP/1.1" 200 71 "-" "PostmanRuntime/7.43.0" 
2025-02-25T19:54:05.118Z [INFO]:API Request 
